  [1m[35m (2994.5ms)[0m  [1m[35mCREATE DATABASE "app_development" ENCODING = 'unicode'[0m
  [1m[35m (1.5ms)[0m  [1m[35mCREATE DATABASE "app_development" ENCODING = 'unicode'[0m
Started GET "/" for 172.19.0.1 at 2019-10-31 21:41:16 +0000
Processing by Rails::WelcomeController#index as HTML
  Rendering /usr/local/bundle/gems/railties-6.0.0/lib/rails/templates/rails/welcome/index.html.erb
  Rendered /usr/local/bundle/gems/railties-6.0.0/lib/rails/templates/rails/welcome/index.html.erb (Duration: 5.3ms | Allocations: 428)
Completed 200 OK in 23ms (Views: 9.0ms | ActiveRecord: 0.0ms | Allocations: 2362)


  [1m[35m (1.1ms)[0m  [1m[35mCREATE DATABASE "app_development" ENCODING = 'unicode'[0m
Started GET "/" for 172.19.0.1 at 2019-10-31 21:41:52 +0000
Processing by Rails::WelcomeController#index as HTML
  Rendering /usr/local/bundle/gems/railties-6.0.0/lib/rails/templates/rails/welcome/index.html.erb
  Rendered /usr/local/bundle/gems/railties-6.0.0/lib/rails/templates/rails/welcome/index.html.erb (Duration: 4.7ms | Allocations: 187)
Completed 200 OK in 8ms (Views: 7.6ms | ActiveRecord: 0.0ms | Allocations: 830)


Started GET "/" for 172.19.0.1 at 2019-10-31 21:41:54 +0000
Processing by Rails::WelcomeController#index as HTML
  Rendering /usr/local/bundle/gems/railties-6.0.0/lib/rails/templates/rails/welcome/index.html.erb
  Rendered /usr/local/bundle/gems/railties-6.0.0/lib/rails/templates/rails/welcome/index.html.erb (Duration: 0.3ms | Allocations: 7)
Completed 200 OK in 2ms (Views: 1.6ms | ActiveRecord: 0.0ms | Allocations: 316)


  [1m[35m (3.5ms)[0m  [1m[35mCREATE DATABASE "app_development" ENCODING = 'unicode'[0m
  [1m[35m (3507.2ms)[0m  [1m[35mCREATE DATABASE "app_test" ENCODING = 'unicode'[0m
  [1m[35m (70.3ms)[0m  [1m[35mCREATE TABLE "schema_migrations" ("version" character varying NOT NULL PRIMARY KEY)[0m
  [1m[35m (18.2ms)[0m  [1m[35mCREATE TABLE "ar_internal_metadata" ("key" character varying NOT NULL PRIMARY KEY, "value" character varying, "created_at" timestamp(6) NOT NULL, "updated_at" timestamp(6) NOT NULL)[0m
  [1m[35m (1.7ms)[0m  [1m[34mSELECT pg_try_advisory_lock(5277929974492897470)[0m
  [1m[35m (3.6ms)[0m  [1m[34mSELECT "schema_migrations"."version" FROM "schema_migrations" ORDER BY "schema_migrations"."version" ASC[0m
  [1m[36mActiveRecord::InternalMetadata Load (3.9ms)[0m  [1m[34mSELECT "ar_internal_metadata".* FROM "ar_internal_metadata" WHERE "ar_internal_metadata"."key" = $1 LIMIT $2[0m  [["key", "environment"], ["LIMIT", 1]]
  [1m[35m (0.3ms)[0m  [1m[35mBEGIN[0m
  [1m[36mActiveRecord::InternalMetadata Create (6.2ms)[0m  [1m[32mINSERT INTO "ar_internal_metadata" ("key", "value", "created_at", "updated_at") VALUES ($1, $2, $3, $4) RETURNING "key"[0m  [["key", "environment"], ["value", "development"], ["created_at", "2019-10-31 21:43:47.279814"], ["updated_at", "2019-10-31 21:43:47.279814"]]
  [1m[35m (0.8ms)[0m  [1m[35mCOMMIT[0m
  [1m[35m (0.5ms)[0m  [1m[34mSELECT pg_advisory_unlock(5277929974492897470)[0m
  [1m[35m (4.3ms)[0m  [1m[34mSELECT "schema_migrations"."version" FROM "schema_migrations" ORDER BY "schema_migrations"."version" ASC[0m
  [1m[35m (1.3ms)[0m  [1m[35mCREATE DATABASE "app_development" ENCODING = 'unicode'[0m
  [1m[35m (1.0ms)[0m  [1m[35mCREATE DATABASE "app_test" ENCODING = 'unicode'[0m
  [1m[35m (5.1ms)[0m  [1m[34mSELECT "schema_migrations"."version" FROM "schema_migrations" ORDER BY "schema_migrations"."version" ASC[0m
  [1m[35m (2.1ms)[0m  [1m[34mSELECT "schema_migrations"."version" FROM "schema_migrations" ORDER BY "schema_migrations"."version" ASC[0m
  [1m[35mSQL (4.0ms)[0m  [1m[35mCREATE EXTENSION IF NOT EXISTS "plpgsql"[0m
  [1m[35m (6.2ms)[0m  [1m[34mSELECT "schema_migrations"."version" FROM "schema_migrations" ORDER BY "schema_migrations"."version" ASC[0m
  [1m[35m (11.0ms)[0m  [1m[32mINSERT INTO "schema_migrations" (version) VALUES (0)[0m
  [1m[36mActiveRecord::InternalMetadata Load (6.2ms)[0m  [1m[34mSELECT "ar_internal_metadata".* FROM "ar_internal_metadata" WHERE "ar_internal_metadata"."key" = $1 LIMIT $2[0m  [["key", "environment"], ["LIMIT", 1]]
  [1m[36mActiveRecord::InternalMetadata Load (1.8ms)[0m  [1m[34mSELECT "ar_internal_metadata".* FROM "ar_internal_metadata" WHERE "ar_internal_metadata"."key" = $1 LIMIT $2[0m  [["key", "environment"], ["LIMIT", 1]]
  [1m[36mActiveRecord::InternalMetadata Load (2.2ms)[0m  [1m[34mSELECT "ar_internal_metadata".* FROM "ar_internal_metadata" WHERE "ar_internal_metadata"."key" = $1 LIMIT $2[0m  [["key", "schema_sha1"], ["LIMIT", 1]]
  [1m[35m (0.5ms)[0m  [1m[35mBEGIN[0m
  [1m[36mActiveRecord::InternalMetadata Create (3.4ms)[0m  [1m[32mINSERT INTO "ar_internal_metadata" ("key", "value", "created_at", "updated_at") VALUES ($1, $2, $3, $4) RETURNING "key"[0m  [["key", "schema_sha1"], ["value", "83e6e9510955ef04f606b0339b1f0d53760104f9"], ["created_at", "2019-10-31 21:43:59.355611"], ["updated_at", "2019-10-31 21:43:59.355611"]]
  [1m[35m (1.2ms)[0m  [1m[35mCOMMIT[0m
  [1m[35mSQL (7.5ms)[0m  [1m[35mCREATE EXTENSION IF NOT EXISTS "plpgsql"[0m
  [1m[35m (76.5ms)[0m  [1m[35mCREATE TABLE "schema_migrations" ("version" character varying NOT NULL PRIMARY KEY)[0m
  [1m[35m (5.0ms)[0m  [1m[34mSELECT "schema_migrations"."version" FROM "schema_migrations" ORDER BY "schema_migrations"."version" ASC[0m
  [1m[35m (3.6ms)[0m  [1m[32mINSERT INTO "schema_migrations" (version) VALUES (0)[0m
  [1m[35m (18.2ms)[0m  [1m[35mCREATE TABLE "ar_internal_metadata" ("key" character varying NOT NULL PRIMARY KEY, "value" character varying, "created_at" timestamp(6) NOT NULL, "updated_at" timestamp(6) NOT NULL)[0m
  [1m[36mActiveRecord::InternalMetadata Load (4.1ms)[0m  [1m[34mSELECT "ar_internal_metadata".* FROM "ar_internal_metadata" WHERE "ar_internal_metadata"."key" = $1 LIMIT $2[0m  [["key", "environment"], ["LIMIT", 1]]
  [1m[35m (0.3ms)[0m  [1m[35mBEGIN[0m
  [1m[36mActiveRecord::InternalMetadata Create (3.8ms)[0m  [1m[32mINSERT INTO "ar_internal_metadata" ("key", "value", "created_at", "updated_at") VALUES ($1, $2, $3, $4) RETURNING "key"[0m  [["key", "environment"], ["value", "development"], ["created_at", "2019-10-31 21:43:59.720728"], ["updated_at", "2019-10-31 21:43:59.720728"]]
  [1m[35m (0.7ms)[0m  [1m[35mCOMMIT[0m
  [1m[36mActiveRecord::InternalMetadata Load (1.1ms)[0m  [1m[34mSELECT "ar_internal_metadata".* FROM "ar_internal_metadata" WHERE "ar_internal_metadata"."key" = $1 LIMIT $2[0m  [["key", "environment"], ["LIMIT", 1]]
  [1m[35m (0.3ms)[0m  [1m[35mBEGIN[0m
  [1m[36mActiveRecord::InternalMetadata Update (1.5ms)[0m  [1m[33mUPDATE "ar_internal_metadata" SET "value" = $1, "updated_at" = $2 WHERE "ar_internal_metadata"."key" = $3[0m  [["value", "test"], ["updated_at", "2019-10-31 21:43:59.739573"], ["key", "environment"]]
  [1m[35m (0.8ms)[0m  [1m[35mCOMMIT[0m
  [1m[36mActiveRecord::InternalMetadata Load (1.4ms)[0m  [1m[34mSELECT "ar_internal_metadata".* FROM "ar_internal_metadata" WHERE "ar_internal_metadata"."key" = $1 LIMIT $2[0m  [["key", "schema_sha1"], ["LIMIT", 1]]
  [1m[35m (0.3ms)[0m  [1m[35mBEGIN[0m
  [1m[36mActiveRecord::InternalMetadata Create (0.5ms)[0m  [1m[32mINSERT INTO "ar_internal_metadata" ("key", "value", "created_at", "updated_at") VALUES ($1, $2, $3, $4) RETURNING "key"[0m  [["key", "schema_sha1"], ["value", "83e6e9510955ef04f606b0339b1f0d53760104f9"], ["created_at", "2019-10-31 21:43:59.754660"], ["updated_at", "2019-10-31 21:43:59.754660"]]
  [1m[35m (0.8ms)[0m  [1m[35mCOMMIT[0m
  [1m[35m (6.0ms)[0m  [1m[34mSELECT "schema_migrations"."version" FROM "schema_migrations" ORDER BY "schema_migrations"."version" ASC[0m
Started GET "/" for 172.19.0.1 at 2019-10-31 21:44:07 +0000
Processing by Rails::WelcomeController#index as HTML
  Rendering /usr/local/bundle/gems/railties-6.0.0/lib/rails/templates/rails/welcome/index.html.erb
  Rendered /usr/local/bundle/gems/railties-6.0.0/lib/rails/templates/rails/welcome/index.html.erb (Duration: 5.6ms | Allocations: 428)
Completed 200 OK in 45ms (Views: 8.9ms | ActiveRecord: 0.0ms | Allocations: 3056)


Started GET "/" for 172.19.0.1 at 2019-10-31 21:46:25 +0000
Processing by Rails::WelcomeController#index as HTML
  Rendering /usr/local/bundle/gems/railties-6.0.0/lib/rails/templates/rails/welcome/index.html.erb
  Rendered /usr/local/bundle/gems/railties-6.0.0/lib/rails/templates/rails/welcome/index.html.erb (Duration: 9.3ms | Allocations: 187)
Completed 200 OK in 17ms (Views: 14.9ms | ActiveRecord: 0.0ms | Allocations: 837)


Started GET "/" for 172.19.0.1 at 2019-10-31 21:46:26 +0000
Processing by Rails::WelcomeController#index as HTML
  Rendering /usr/local/bundle/gems/railties-6.0.0/lib/rails/templates/rails/welcome/index.html.erb
  Rendered /usr/local/bundle/gems/railties-6.0.0/lib/rails/templates/rails/welcome/index.html.erb (Duration: 0.3ms | Allocations: 7)
Completed 200 OK in 3ms (Views: 2.2ms | ActiveRecord: 0.0ms | Allocations: 316)


Started GET "/" for 172.19.0.1 at 2019-10-31 21:46:28 +0000
Processing by Rails::WelcomeController#index as HTML
  Rendering /usr/local/bundle/gems/railties-6.0.0/lib/rails/templates/rails/welcome/index.html.erb
  Rendered /usr/local/bundle/gems/railties-6.0.0/lib/rails/templates/rails/welcome/index.html.erb (Duration: 0.3ms | Allocations: 7)
Completed 200 OK in 3ms (Views: 2.1ms | ActiveRecord: 0.0ms | Allocations: 315)


Started GET "/" for 172.19.0.1 at 2019-10-31 22:03:50 +0000
Processing by Rails::WelcomeController#index as HTML
  Rendering /usr/local/bundle/gems/railties-6.0.0/lib/rails/templates/rails/welcome/index.html.erb
  Rendered /usr/local/bundle/gems/railties-6.0.0/lib/rails/templates/rails/welcome/index.html.erb (Duration: 5.3ms | Allocations: 428)
Completed 200 OK in 33ms (Views: 8.9ms | ActiveRecord: 0.0ms | Allocations: 3050)


Started GET "/posts" for 172.19.0.1 at 2019-10-31 22:03:54 +0000
Processing by PostsController#index as HTML
Completed 200 OK in 2040ms (Views: 0.3ms | ActiveRecord: 0.0ms | Allocations: 40113)


Started GET "/posts" for 172.19.0.1 at 2019-10-31 22:04:16 +0000
Processing by PostsController#index as HTML
Completed 200 OK in 544ms (Views: 3.4ms | ActiveRecord: 0.0ms | Allocations: 76021)


Started GET "/posts" for 172.19.0.1 at 2019-10-31 22:04:40 +0000
Processing by PostsController#index as HTML
Completed 200 OK in 171ms (Views: 0.5ms | ActiveRecord: 0.0ms | Allocations: 39978)


Started GET "/posts" for 172.19.0.1 at 2019-10-31 22:12:35 +0000
Processing by PostsController#index as HTML
Completed 200 OK in 170ms (Views: 0.4ms | ActiveRecord: 0.0ms | Allocations: 32689)


Started GET "/posts" for 172.19.0.1 at 2019-10-31 22:12:45 +0000
Processing by PostsController#index as HTML
Completed 200 OK in 150ms (Views: 0.3ms | ActiveRecord: 0.0ms | Allocations: 32622)


Started GET "/posts" for 172.19.0.1 at 2019-10-31 22:12:58 +0000
Processing by PostsController#index as HTML
Completed 200 OK in 179ms (Views: 0.8ms | ActiveRecord: 0.0ms | Allocations: 32654)


Started GET "/posts" for 172.19.0.1 at 2019-10-31 22:13:06 +0000
Processing by PostsController#index as HTML
Completed 200 OK in 141ms (Views: 0.3ms | ActiveRecord: 0.0ms | Allocations: 32653)


Started GET "/posts" for 172.19.0.1 at 2019-10-31 22:13:28 +0000
Processing by PostsController#index as HTML
Completed 200 OK in 169ms (Views: 1.5ms | ActiveRecord: 0.0ms | Allocations: 38734)


Started GET "/posts" for 172.19.0.1 at 2019-10-31 22:13:38 +0000
Processing by PostsController#index as HTML
Completed 200 OK in 336ms (Views: 0.8ms | ActiveRecord: 0.0ms | Allocations: 32665)


Started GET "/posts" for 172.19.0.1 at 2019-10-31 22:14:09 +0000
Processing by PostsController#index as HTML
Completed 200 OK in 162ms (Views: 0.2ms | ActiveRecord: 0.0ms | Allocations: 32700)


Started GET "/posts" for 172.19.0.1 at 2019-10-31 22:14:18 +0000
Processing by PostsController#index as HTML
Completed 200 OK in 140ms (Views: 0.8ms | ActiveRecord: 0.0ms | Allocations: 32687)


Started GET "/posts" for 172.19.0.1 at 2019-10-31 22:14:21 +0000
Processing by PostsController#index as HTML
Completed 200 OK in 166ms (Views: 0.3ms | ActiveRecord: 0.0ms | Allocations: 32675)


Started GET "/posts" for 172.19.0.1 at 2019-10-31 22:14:47 +0000
Processing by PostsController#index as HTML
Completed 200 OK in 226ms (Views: 0.6ms | ActiveRecord: 0.0ms | Allocations: 34439)


Started GET "/posts" for 172.19.0.1 at 2019-10-31 22:14:54 +0000
Processing by PostsController#index as HTML
Completed 200 OK in 152ms (Views: 0.5ms | ActiveRecord: 0.0ms | Allocations: 34435)


Started GET "/posts" for 172.19.0.1 at 2019-10-31 22:30:44 +0000
Processing by PostsController#index as HTML
Completed 200 OK in 435ms (Views: 1.3ms | ActiveRecord: 0.0ms | Allocations: 41546)


Started GET "/posts" for 172.19.0.1 at 2019-10-31 22:31:02 +0000
Processing by PostsController#index as HTML
Completed 200 OK in 1749ms (Views: 0.8ms | ActiveRecord: 0.0ms | Allocations: 112120)


Started GET "/posts" for 172.19.0.1 at 2019-10-31 22:31:14 +0000
Processing by PostsController#index as HTML
Completed 200 OK in 180ms (Views: 0.5ms | ActiveRecord: 0.0ms | Allocations: 34424)


Started GET "/posts" for 172.19.0.1 at 2019-10-31 22:33:40 +0000
Processing by PostsController#index as HTML
Started GET "/" for 172.19.0.1 at 2019-11-01 09:47:14 +0000
Processing by Rails::WelcomeController#index as HTML
  Rendering /usr/local/bundle/gems/railties-6.0.0/lib/rails/templates/rails/welcome/index.html.erb
  Rendered /usr/local/bundle/gems/railties-6.0.0/lib/rails/templates/rails/welcome/index.html.erb (Duration: 13.0ms | Allocations: 428)
Completed 200 OK in 65ms (Views: 17.0ms | ActiveRecord: 0.0ms | Allocations: 3053)


Started GET "/posts" for 172.19.0.1 at 2019-11-01 09:47:15 +0000
Processing by PostsController#index as HTML
Completed 200 OK in 433ms (Views: 0.3ms | ActiveRecord: 0.0ms | Allocations: 42840)


Started GET "/posts" for 172.19.0.1 at 2019-11-01 09:47:26 +0000
Processing by PostsController#index as HTML
Completed 200 OK in 201ms (Views: 0.4ms | ActiveRecord: 0.0ms | Allocations: 33976)


Started GET "/posts" for 172.19.0.1 at 2019-11-01 09:48:20 +0000
Processing by PostsController#index as HTML
Completed 200 OK in 163ms (Views: 9.9ms | ActiveRecord: 0.0ms | Allocations: 47394)


Started GET "/posts" for 172.19.0.1 at 2019-11-01 09:51:57 +0000
Processing by PostsController#index as HTML
Completed 500 Internal Server Error in 155ms (ActiveRecord: 0.0ms | Allocations: 33443)


  
NoMethodError (undefined method `content' for #<RSS::Rss::Channel::Item:0x00007fded8fb7688>):
  
app/controllers/posts_controller.rb:10:in `map'
app/controllers/posts_controller.rb:10:in `block in index'
app/controllers/posts_controller.rb:8:in `index'
Started GET "/posts" for 172.19.0.1 at 2019-11-01 09:52:05 +0000
Processing by PostsController#index as HTML
Completed 200 OK in 190ms (Views: 5.1ms | ActiveRecord: 0.0ms | Allocations: 34569)


Started GET "/posts" for 172.19.0.1 at 2019-11-01 09:52:12 +0000
Processing by PostsController#index as HTML
Completed 200 OK in 165ms (Views: 1.7ms | ActiveRecord: 0.0ms | Allocations: 33820)


Started GET "/posts" for 172.19.0.1 at 2019-11-01 09:52:17 +0000
Processing by PostsController#index as HTML
Completed 200 OK in 162ms (Views: 0.8ms | ActiveRecord: 0.0ms | Allocations: 33377)


Started GET "/posts" for 172.19.0.1 at 2019-11-01 09:52:38 +0000
Processing by PostsController#index as HTML
Completed 200 OK in 146ms (Views: 8.2ms | ActiveRecord: 0.0ms | Allocations: 47410)


Started GET "/posts" for 172.19.0.1 at 2019-11-01 09:54:21 +0000
Processing by PostsController#index as HTML
Completed 200 OK in 146ms (Views: 6.6ms | ActiveRecord: 0.0ms | Allocations: 36253)


Started GET "/posts" for 172.19.0.1 at 2019-11-01 09:54:23 +0000
Processing by PostsController#index as HTML
Completed 200 OK in 143ms (Views: 3.4ms | ActiveRecord: 0.0ms | Allocations: 36260)


Started GET "/" for 172.19.0.1 at 2019-11-01 10:50:28 +0000
Processing by Rails::WelcomeController#index as HTML
  Rendering /usr/local/bundle/gems/railties-6.0.0/lib/rails/templates/rails/welcome/index.html.erb
  Rendered /usr/local/bundle/gems/railties-6.0.0/lib/rails/templates/rails/welcome/index.html.erb (Duration: 17.5ms | Allocations: 428)
Completed 200 OK in 72ms (Views: 43.3ms | ActiveRecord: 0.0ms | Allocations: 2357)


Started GET "/" for 172.19.0.1 at 2019-11-01 10:50:43 +0000
Processing by Rails::WelcomeController#index as HTML
  Rendering /usr/local/bundle/gems/railties-6.0.0/lib/rails/templates/rails/welcome/index.html.erb
  Rendered /usr/local/bundle/gems/railties-6.0.0/lib/rails/templates/rails/welcome/index.html.erb (Duration: 9.1ms | Allocations: 191)
Completed 200 OK in 17ms (Views: 12.7ms | ActiveRecord: 0.0ms | Allocations: 834)


Started GET "/" for 172.19.0.1 at 2019-11-01 10:50:52 +0000
Processing by Rails::WelcomeController#index as HTML
  Rendering /usr/local/bundle/gems/railties-6.0.0/lib/rails/templates/rails/welcome/index.html.erb
  Rendered /usr/local/bundle/gems/railties-6.0.0/lib/rails/templates/rails/welcome/index.html.erb (Duration: 0.5ms | Allocations: 7)
Completed 200 OK in 6ms (Views: 3.0ms | ActiveRecord: 0.0ms | Allocations: 314)


Started GET "/" for 172.19.0.3 at 2019-11-01 10:57:20 +0000
Processing by Rails::WelcomeController#index as HTML
  Rendering /usr/local/bundle/gems/railties-6.0.0/lib/rails/templates/rails/welcome/index.html.erb
  Rendered /usr/local/bundle/gems/railties-6.0.0/lib/rails/templates/rails/welcome/index.html.erb (Duration: 13.4ms | Allocations: 428)
Completed 200 OK in 35ms (Views: 21.8ms | ActiveRecord: 0.0ms | Allocations: 2357)


Started GET "/" for 172.19.0.3 at 2019-11-01 10:58:41 +0000
Processing by Rails::WelcomeController#index as HTML
  Rendering /usr/local/bundle/gems/railties-6.0.0/lib/rails/templates/rails/welcome/index.html.erb
  Rendered /usr/local/bundle/gems/railties-6.0.0/lib/rails/templates/rails/welcome/index.html.erb (Duration: 14.9ms | Allocations: 207)
Completed 200 OK in 31ms (Views: 22.2ms | ActiveRecord: 0.0ms | Allocations: 844)


Started GET "/" for 172.19.0.3 at 2019-11-01 10:59:53 +0000
Processing by Rails::WelcomeController#index as HTML
  Rendering /usr/local/bundle/gems/railties-6.0.0/lib/rails/templates/rails/welcome/index.html.erb
  Rendered /usr/local/bundle/gems/railties-6.0.0/lib/rails/templates/rails/welcome/index.html.erb (Duration: 0.5ms | Allocations: 8)
Completed 200 OK in 7ms (Views: 3.7ms | ActiveRecord: 0.0ms | Allocations: 317)


Started GET "/" for 172.19.0.2 at 2019-11-01 23:58:38 +0000
Processing by Rails::WelcomeController#index as HTML
  Rendering /usr/local/bundle/gems/railties-6.0.0/lib/rails/templates/rails/welcome/index.html.erb
  Rendered /usr/local/bundle/gems/railties-6.0.0/lib/rails/templates/rails/welcome/index.html.erb (Duration: 23.5ms | Allocations: 428)
Completed 200 OK in 50ms (Views: 30.5ms | ActiveRecord: 0.0ms | Allocations: 2357)


Started GET "/" for 172.22.0.2 at 2019-11-02 18:10:14 +0000
  
PG::ConnectionBad (could not translate host name "db.localhost" to address: Name or service not known
):
  
pg (1.1.4) lib/pg.rb:56:in `initialize'
pg (1.1.4) lib/pg.rb:56:in `new'
pg (1.1.4) lib/pg.rb:56:in `connect'
activerecord (6.0.0) lib/active_record/connection_adapters/postgresql_adapter.rb:46:in `postgresql_connection'
activerecord (6.0.0) lib/active_record/connection_adapters/abstract/connection_pool.rb:879:in `new_connection'
activerecord (6.0.0) lib/active_record/connection_adapters/abstract/connection_pool.rb:923:in `checkout_new_connection'
activerecord (6.0.0) lib/active_record/connection_adapters/abstract/connection_pool.rb:902:in `try_to_checkout_new_connection'
activerecord (6.0.0) lib/active_record/connection_adapters/abstract/connection_pool.rb:863:in `acquire_connection'
activerecord (6.0.0) lib/active_record/connection_adapters/abstract/connection_pool.rb:587:in `checkout'
activerecord (6.0.0) lib/active_record/connection_adapters/abstract/connection_pool.rb:431:in `connection'
activerecord (6.0.0) lib/active_record/connection_adapters/abstract/connection_pool.rb:1111:in `retrieve_connection'
activerecord (6.0.0) lib/active_record/connection_handling.rb:231:in `retrieve_connection'
activerecord (6.0.0) lib/active_record/connection_handling.rb:199:in `connection'
activerecord (6.0.0) lib/active_record/migration.rb:562:in `call'
actionpack (6.0.0) lib/action_dispatch/middleware/callbacks.rb:27:in `block in call'
activesupport (6.0.0) lib/active_support/callbacks.rb:101:in `run_callbacks'
actionpack (6.0.0) lib/action_dispatch/middleware/callbacks.rb:26:in `call'
actionpack (6.0.0) lib/action_dispatch/middleware/executor.rb:14:in `call'
actionpack (6.0.0) lib/action_dispatch/middleware/actionable_exceptions.rb:17:in `call'
actionpack (6.0.0) lib/action_dispatch/middleware/debug_exceptions.rb:32:in `call'
actionpack (6.0.0) lib/action_dispatch/middleware/show_exceptions.rb:33:in `call'
railties (6.0.0) lib/rails/rack/logger.rb:38:in `call_app'
railties (6.0.0) lib/rails/rack/logger.rb:26:in `block in call'
activesupport (6.0.0) lib/active_support/tagged_logging.rb:80:in `block in tagged'
activesupport (6.0.0) lib/active_support/tagged_logging.rb:28:in `tagged'
activesupport (6.0.0) lib/active_support/tagged_logging.rb:80:in `tagged'
railties (6.0.0) lib/rails/rack/logger.rb:26:in `call'
sprockets-rails (3.2.1) lib/sprockets/rails/quiet_assets.rb:13:in `call'
actionpack (6.0.0) lib/action_dispatch/middleware/remote_ip.rb:81:in `call'
actionpack (6.0.0) lib/action_dispatch/middleware/request_id.rb:27:in `call'
rack (2.0.7) lib/rack/method_override.rb:22:in `call'
rack (2.0.7) lib/rack/runtime.rb:22:in `call'
activesupport (6.0.0) lib/active_support/cache/strategy/local_cache_middleware.rb:29:in `call'
actionpack (6.0.0) lib/action_dispatch/middleware/executor.rb:14:in `call'
actionpack (6.0.0) lib/action_dispatch/middleware/static.rb:126:in `call'
rack (2.0.7) lib/rack/sendfile.rb:111:in `call'
actionpack (6.0.0) lib/action_dispatch/middleware/host_authorization.rb:83:in `call'
railties (6.0.0) lib/rails/engine.rb:526:in `call'
rack (2.0.7) lib/rack/handler/webrick.rb:86:in `service'
/usr/local/lib/ruby/2.5.0/webrick/httpserver.rb:140:in `service'
/usr/local/lib/ruby/2.5.0/webrick/httpserver.rb:96:in `run'
/usr/local/lib/ruby/2.5.0/webrick/server.rb:307:in `block in start_thread'
Started GET "/" for 172.23.0.2 at 2019-11-02 18:11:56 +0000
  
ActiveRecord::NoDatabaseError (FATAL:  database "app_development" does not exist
):
  
activerecord (6.0.0) lib/active_record/connection_adapters/postgresql_adapter.rb:50:in `rescue in postgresql_connection'
activerecord (6.0.0) lib/active_record/connection_adapters/postgresql_adapter.rb:33:in `postgresql_connection'
activerecord (6.0.0) lib/active_record/connection_adapters/abstract/connection_pool.rb:879:in `new_connection'
activerecord (6.0.0) lib/active_record/connection_adapters/abstract/connection_pool.rb:923:in `checkout_new_connection'
activerecord (6.0.0) lib/active_record/connection_adapters/abstract/connection_pool.rb:902:in `try_to_checkout_new_connection'
activerecord (6.0.0) lib/active_record/connection_adapters/abstract/connection_pool.rb:863:in `acquire_connection'
activerecord (6.0.0) lib/active_record/connection_adapters/abstract/connection_pool.rb:587:in `checkout'
activerecord (6.0.0) lib/active_record/connection_adapters/abstract/connection_pool.rb:431:in `connection'
activerecord (6.0.0) lib/active_record/connection_adapters/abstract/connection_pool.rb:1111:in `retrieve_connection'
activerecord (6.0.0) lib/active_record/connection_handling.rb:231:in `retrieve_connection'
activerecord (6.0.0) lib/active_record/connection_handling.rb:199:in `connection'
activerecord (6.0.0) lib/active_record/migration.rb:562:in `call'
actionpack (6.0.0) lib/action_dispatch/middleware/callbacks.rb:27:in `block in call'
activesupport (6.0.0) lib/active_support/callbacks.rb:101:in `run_callbacks'
actionpack (6.0.0) lib/action_dispatch/middleware/callbacks.rb:26:in `call'
actionpack (6.0.0) lib/action_dispatch/middleware/executor.rb:14:in `call'
actionpack (6.0.0) lib/action_dispatch/middleware/actionable_exceptions.rb:17:in `call'
actionpack (6.0.0) lib/action_dispatch/middleware/debug_exceptions.rb:32:in `call'
actionpack (6.0.0) lib/action_dispatch/middleware/show_exceptions.rb:33:in `call'
railties (6.0.0) lib/rails/rack/logger.rb:38:in `call_app'
railties (6.0.0) lib/rails/rack/logger.rb:26:in `block in call'
activesupport (6.0.0) lib/active_support/tagged_logging.rb:80:in `block in tagged'
activesupport (6.0.0) lib/active_support/tagged_logging.rb:28:in `tagged'
activesupport (6.0.0) lib/active_support/tagged_logging.rb:80:in `tagged'
railties (6.0.0) lib/rails/rack/logger.rb:26:in `call'
sprockets-rails (3.2.1) lib/sprockets/rails/quiet_assets.rb:13:in `call'
actionpack (6.0.0) lib/action_dispatch/middleware/remote_ip.rb:81:in `call'
actionpack (6.0.0) lib/action_dispatch/middleware/request_id.rb:27:in `call'
rack (2.0.7) lib/rack/method_override.rb:22:in `call'
rack (2.0.7) lib/rack/runtime.rb:22:in `call'
activesupport (6.0.0) lib/active_support/cache/strategy/local_cache_middleware.rb:29:in `call'
actionpack (6.0.0) lib/action_dispatch/middleware/executor.rb:14:in `call'
actionpack (6.0.0) lib/action_dispatch/middleware/static.rb:126:in `call'
rack (2.0.7) lib/rack/sendfile.rb:111:in `call'
actionpack (6.0.0) lib/action_dispatch/middleware/host_authorization.rb:83:in `call'
railties (6.0.0) lib/rails/engine.rb:526:in `call'
rack (2.0.7) lib/rack/handler/webrick.rb:86:in `service'
/usr/local/lib/ruby/2.5.0/webrick/httpserver.rb:140:in `service'
/usr/local/lib/ruby/2.5.0/webrick/httpserver.rb:96:in `run'
/usr/local/lib/ruby/2.5.0/webrick/server.rb:307:in `block in start_thread'
  [1m[35m (3210.1ms)[0m  [1m[35mCREATE DATABASE "app_development" ENCODING = 'unicode'[0m
  [1m[35m (3608.9ms)[0m  [1m[35mCREATE DATABASE "app_test" ENCODING = 'unicode'[0m
  [1m[35mSQL (8.2ms)[0m  [1m[35mCREATE EXTENSION IF NOT EXISTS "plpgsql"[0m
  [1m[35m (105.0ms)[0m  [1m[35mCREATE TABLE "schema_migrations" ("version" character varying NOT NULL PRIMARY KEY)[0m
  [1m[35m (4.3ms)[0m  [1m[34mSELECT "schema_migrations"."version" FROM "schema_migrations" ORDER BY "schema_migrations"."version" ASC[0m
  [1m[35m (4.6ms)[0m  [1m[32mINSERT INTO "schema_migrations" (version) VALUES (0)[0m
  [1m[35m (26.1ms)[0m  [1m[35mCREATE TABLE "ar_internal_metadata" ("key" character varying NOT NULL PRIMARY KEY, "value" character varying, "created_at" timestamp(6) NOT NULL, "updated_at" timestamp(6) NOT NULL)[0m
  [1m[36mActiveRecord::InternalMetadata Load (5.3ms)[0m  [1m[34mSELECT "ar_internal_metadata".* FROM "ar_internal_metadata" WHERE "ar_internal_metadata"."key" = $1 LIMIT $2[0m  [["key", "environment"], ["LIMIT", 1]]
  [1m[35m (0.5ms)[0m  [1m[35mBEGIN[0m
  [1m[36mActiveRecord::InternalMetadata Create (6.9ms)[0m  [1m[32mINSERT INTO "ar_internal_metadata" ("key", "value", "created_at", "updated_at") VALUES ($1, $2, $3, $4) RETURNING "key"[0m  [["key", "environment"], ["value", "development"], ["created_at", "2019-11-02 18:12:33.333022"], ["updated_at", "2019-11-02 18:12:33.333022"]]
  [1m[35m (1.0ms)[0m  [1m[35mCOMMIT[0m
  [1m[36mActiveRecord::InternalMetadata Load (1.7ms)[0m  [1m[34mSELECT "ar_internal_metadata".* FROM "ar_internal_metadata" WHERE "ar_internal_metadata"."key" = $1 LIMIT $2[0m  [["key", "environment"], ["LIMIT", 1]]
  [1m[36mActiveRecord::InternalMetadata Load (1.3ms)[0m  [1m[34mSELECT "ar_internal_metadata".* FROM "ar_internal_metadata" WHERE "ar_internal_metadata"."key" = $1 LIMIT $2[0m  [["key", "schema_sha1"], ["LIMIT", 1]]
  [1m[35m (0.3ms)[0m  [1m[35mBEGIN[0m
  [1m[36mActiveRecord::InternalMetadata Create (0.6ms)[0m  [1m[32mINSERT INTO "ar_internal_metadata" ("key", "value", "created_at", "updated_at") VALUES ($1, $2, $3, $4) RETURNING "key"[0m  [["key", "schema_sha1"], ["value", "83e6e9510955ef04f606b0339b1f0d53760104f9"], ["created_at", "2019-11-02 18:12:33.365159"], ["updated_at", "2019-11-02 18:12:33.365159"]]
  [1m[35m (1.0ms)[0m  [1m[35mCOMMIT[0m
  [1m[35mSQL (10.6ms)[0m  [1m[35mCREATE EXTENSION IF NOT EXISTS "plpgsql"[0m
  [1m[35m (169.4ms)[0m  [1m[35mCREATE TABLE "schema_migrations" ("version" character varying NOT NULL PRIMARY KEY)[0m
  [1m[35m (6.6ms)[0m  [1m[34mSELECT "schema_migrations"."version" FROM "schema_migrations" ORDER BY "schema_migrations"."version" ASC[0m
  [1m[35m (4.6ms)[0m  [1m[32mINSERT INTO "schema_migrations" (version) VALUES (0)[0m
  [1m[35m (32.0ms)[0m  [1m[35mCREATE TABLE "ar_internal_metadata" ("key" character varying NOT NULL PRIMARY KEY, "value" character varying, "created_at" timestamp(6) NOT NULL, "updated_at" timestamp(6) NOT NULL)[0m
  [1m[36mActiveRecord::InternalMetadata Load (8.6ms)[0m  [1m[34mSELECT "ar_internal_metadata".* FROM "ar_internal_metadata" WHERE "ar_internal_metadata"."key" = $1 LIMIT $2[0m  [["key", "environment"], ["LIMIT", 1]]
  [1m[35m (0.5ms)[0m  [1m[35mBEGIN[0m
  [1m[36mActiveRecord::InternalMetadata Create (25.2ms)[0m  [1m[32mINSERT INTO "ar_internal_metadata" ("key", "value", "created_at", "updated_at") VALUES ($1, $2, $3, $4) RETURNING "key"[0m  [["key", "environment"], ["value", "development"], ["created_at", "2019-11-02 18:12:34.078709"], ["updated_at", "2019-11-02 18:12:34.078709"]]
  [1m[35m (3.6ms)[0m  [1m[35mCOMMIT[0m
  [1m[36mActiveRecord::InternalMetadata Load (9.0ms)[0m  [1m[34mSELECT "ar_internal_metadata".* FROM "ar_internal_metadata" WHERE "ar_internal_metadata"."key" = $1 LIMIT $2[0m  [["key", "environment"], ["LIMIT", 1]]
  [1m[35m (1.9ms)[0m  [1m[35mBEGIN[0m
  [1m[36mActiveRecord::InternalMetadata Update (4.0ms)[0m  [1m[33mUPDATE "ar_internal_metadata" SET "value" = $1, "updated_at" = $2 WHERE "ar_internal_metadata"."key" = $3[0m  [["value", "test"], ["updated_at", "2019-11-02 18:12:34.209084"], ["key", "environment"]]
  [1m[35m (19.7ms)[0m  [1m[35mCOMMIT[0m
  [1m[36mActiveRecord::InternalMetadata Load (10.6ms)[0m  [1m[34mSELECT "ar_internal_metadata".* FROM "ar_internal_metadata" WHERE "ar_internal_metadata"."key" = $1 LIMIT $2[0m  [["key", "schema_sha1"], ["LIMIT", 1]]
  [1m[35m (9.6ms)[0m  [1m[35mBEGIN[0m
  [1m[36mActiveRecord::InternalMetadata Create (10.7ms)[0m  [1m[32mINSERT INTO "ar_internal_metadata" ("key", "value", "created_at", "updated_at") VALUES ($1, $2, $3, $4) RETURNING "key"[0m  [["key", "schema_sha1"], ["value", "83e6e9510955ef04f606b0339b1f0d53760104f9"], ["created_at", "2019-11-02 18:12:34.329668"], ["updated_at", "2019-11-02 18:12:34.329668"]]
  [1m[35m (13.5ms)[0m  [1m[35mCOMMIT[0m
  [1m[35m (6.7ms)[0m  [1m[34mSELECT "schema_migrations"."version" FROM "schema_migrations" ORDER BY "schema_migrations"."version" ASC[0m
Started GET "/" for 172.23.0.2 at 2019-11-02 18:12:48 +0000
Processing by Rails::WelcomeController#index as HTML
  Rendering /usr/local/bundle/gems/railties-6.0.0/lib/rails/templates/rails/welcome/index.html.erb
  Rendered /usr/local/bundle/gems/railties-6.0.0/lib/rails/templates/rails/welcome/index.html.erb (Duration: 10.7ms | Allocations: 192)
Completed 200 OK in 14ms (Views: 12.5ms | ActiveRecord: 0.0ms | Allocations: 947)


Started GET "/" for 172.23.0.2 at 2019-11-02 18:26:42 +0000
Processing by Rails::WelcomeController#index as HTML
  Rendering /usr/local/bundle/gems/railties-6.0.0/lib/rails/templates/rails/welcome/index.html.erb
  Rendered /usr/local/bundle/gems/railties-6.0.0/lib/rails/templates/rails/welcome/index.html.erb (Duration: 12.5ms | Allocations: 187)
Completed 200 OK in 20ms (Views: 18.0ms | ActiveRecord: 0.0ms | Allocations: 806)


Started GET "/posts" for 172.21.0.2 at 2019-11-03 09:23:18 +0000
Processing by PostsController#index as HTML
Completed 200 OK in 549ms (Views: 44.3ms | ActiveRecord: 0.0ms | Allocations: 45857)


